[01Jun2025 00:00:10.174] [Server thread/INFO] [net.minecraft.server.MinecraftServer/]: [Not Secure] <Pradolf56> juandi
[01Jun2025 00:00:17.476] [Server thread/INFO] [net.minecraft.server.MinecraftServer/]: [Not Secure] <Juandi3531> mande
[01Jun2025 00:00:29.866] [Server thread/INFO] [net.minecraft.server.network.ServerGamePacketListenerImpl/]: Haazk lost connection: Disconnected
[01Jun2025 00:00:29.867] [Server thread/INFO] [net.minecraft.server.MinecraftServer/]: Haazk left the game
[01Jun2025 00:00:31.209] [Server thread/INFO] [net.minecraft.server.MinecraftServer/]: [Not Secure] <Pradolf56> despues podrias meter el mod para que se vean las skins?
[01Jun2025 00:00:40.889] [Server thread/INFO] [net.minecraft.server.MinecraftServer/]: [Not Secure] <Pradolf56> o no se puede
[01Jun2025 00:01:00.833] [Server thread/INFO] [net.minecraft.server.MinecraftServer/]: [Not Secure] <Juandi3531> no sé si los no premium la podrían ver
[01Jun2025 00:01:06.225] [Server thread/INFO] [net.minecraft.server.MinecraftServer/]: [Not Secure] <Juandi3531> quizá hay un mod
[01Jun2025 00:01:09.710] [Server thread/INFO] [net.minecraft.server.MinecraftServer/]: [Not Secure] <Pradolf56> se supone que si
[01Jun2025 00:01:14.674] [Server thread/INFO] [net.minecraft.server.MinecraftServer/]: [Not Secure] <Pradolf56> a tambien
[01Jun2025 00:01:15.612] [Server thread/INFO] [net.minecraft.server.MinecraftServer/]: [Not Secure] <Juandi3531> pero me da paja buscarlo
[01Jun2025 00:01:38.415] [Server thread/INFO] [net.minecraft.server.MinecraftServer/]: [Not Secure] <Pradolf56> por preguntar, por que no esta el easy village? por que veo al lemos rompiendo los cocos del poner el mod
[01Jun2025 00:01:54.420] [Server thread/INFO] [net.minecraft.server.MinecraftServer/]: [Not Secure] <Juandi3531> porque te facilita mucho las cosas
[01Jun2025 00:02:07.611] [Server thread/INFO] [net.minecraft.server.MinecraftServer/]: [Not Secure] <Pradolf56> a bueno
[01Jun2025 00:02:10.965] [Server thread/INFO] [net.minecraft.server.MinecraftServer/]: [Not Secure] <Juandi3531> literamente en 1 bloque podes hacer la grnja más eficiente de hierro
[01Jun2025 00:02:13.312] [Server thread/INFO] [net.minecraft.server.MinecraftServer/]: [Not Secure] <Juandi3531> y comida
[01Jun2025 00:02:15.536] [Server thread/INFO] [net.minecraft.server.MinecraftServer/]: [Not Secure] <Juandi3531> y tradeos
[01Jun2025 00:02:15.669] [Server thread/INFO] [net.minecraft.server.MinecraftServer/]: [Not Secure] <Pradolf56> eso es verdS
[01Jun2025 00:02:25.858] [Server thread/INFO] [net.minecraft.server.MinecraftServer/]: [Not Secure] <Juandi3531> y full diamante y todo lo que te den os aldeanos
[01Jun2025 00:02:32.537] [Server thread/INFO] [net.minecraft.server.MinecraftServer/]: [Not Secure] <Pradolf56> ZZZ
[01Jun2025 00:02:39.813] [Server thread/INFO] [net.minecraft.server.MinecraftServer/]: [Not Secure] <Juandi3531> y muy barato
[01Jun2025 00:02:53.058] [Server thread/INFO] [net.minecraft.server.MinecraftServer/]: [Not Secure] <Juandi3531> le saa el chiste y te puedes speedrunear todo
[01Jun2025 00:02:56.864] [Server thread/INFO] [net.minecraft.server.network.ServerGamePacketListenerImpl/]: Juandi3531 lost connection: Disconnected
[01Jun2025 00:02:56.864] [Server thread/INFO] [net.minecraft.server.MinecraftServer/]: Juandi3531 left the game
[01Jun2025 00:03:00.383] [Server thread/INFO] [net.minecraft.server.MinecraftServer/]: [Not Secure] <Pradolf56> ok
[01Jun2025 00:03:12.860] [Server thread/INFO] [net.minecraft.server.players.PlayerList/]: Juandi3531[/127.230.13.3:51313] logged in with entity id 24421 at (-878.6384555636246, 47.0, 12.795153965198521)
[01Jun2025 00:03:12.863] [Server thread/INFO] [net.minecraft.server.MinecraftServer/]: Juandi3531 joined the game
[01Jun2025 00:03:13.278] [Netty Epoll Server IO #1/INFO] [simplelogin/]: Player juandi3531 has successfully logged in.
[01Jun2025 00:03:14.529] [Server thread/INFO] [net.minecraft.server.MinecraftServer/]: [Not Secure] <Pradolf56> y vos facu?
[01Jun2025 00:03:25.837] [Server thread/INFO] [net.minecraft.server.MinecraftServer/]: [Not Secure] <Juandi3531> no durmienron un carajo
[01Jun2025 00:03:33.616] [Server thread/INFO] [net.minecraft.server.MinecraftServer/]: [Not Secure] <Pradolf56> falta el facu
[01Jun2025 00:03:40.460] [Server thread/INFO] [net.minecraft.server.MinecraftServer/]: [Not Secure] <Juandi3531> mangin
[01Jun2025 00:03:57.861] [Server thread/INFO] [net.minecraft.server.MinecraftServer/]: [Not Secure] <BatmanGordo1> peren
[01Jun2025 00:04:13.363] [Server thread/INFO] [net.minecraft.server.network.ServerGamePacketListenerImpl/]: Juandi3531 lost connection: Disconnected
[01Jun2025 00:04:13.363] [Server thread/INFO] [net.minecraft.server.MinecraftServer/]: Juandi3531 left the game
[01Jun2025 00:04:20.642] [Server thread/INFO] [net.minecraft.server.MinecraftServer/]: [Not Secure] <BatmanGordo1> zzzzzzzzzzz
[01Jun2025 00:04:26.770] [Server thread/INFO] [net.minecraft.server.MinecraftServer/]: [Not Secure] <Pradolf56> gracias
[01Jun2025 00:05:09.067] [Server thread/INFO] [net.minecraft.server.players.PlayerList/]: Juandi3531[/127.230.13.3:38901] logged in with entity id 25717 at (-880.522708395549, 50.0, 26.237823558076748)
[01Jun2025 00:05:09.070] [Server thread/INFO] [net.minecraft.server.MinecraftServer/]: Juandi3531 joined the game
[01Jun2025 00:05:09.726] [Netty Epoll Server IO #4/INFO] [simplelogin/]: Player juandi3531 has successfully logged in.
[01Jun2025 00:05:14.720] [Server thread/INFO] [net.minecraft.server.MinecraftServer/]: [Not Secure] <Pradolf56> gracias juandi
[01Jun2025 00:05:22.317] [Server thread/INFO] [net.minecraft.server.MinecraftServer/]: [Not Secure] <Juandi3531> ?
[01Jun2025 00:05:31.490] [Server thread/INFO] [net.minecraft.server.MinecraftServer/]: [Not Secure] <Pradolf56> por salirte para que se haga de dia
[01Jun2025 00:05:35.382] [Server thread/INFO] [net.minecraft.server.MinecraftServer/]: [Not Secure] <Juandi3531> a
[01Jun2025 00:05:58.114] [Server thread/INFO] [net.minecraft.server.MinecraftServer/]: [Not Secure] <Juandi3531> si seguía de noche kickeaba al facu
[01Jun2025 00:06:00.622] [Server thread/INFO] [net.minecraft.server.MinecraftServer/]: [Not Secure] <Juandi3531> por goldo
[01Jun2025 00:06:06.373] [Server thread/INFO] [net.minecraft.server.MinecraftServer/]: [Not Secure] <Pradolf56> apa
[01Jun2025 00:06:18.913] [Server thread/INFO] [net.minecraft.server.MinecraftServer/]: BatmanGordo1 was impaled by Deepling
[01Jun2025 00:06:18.919] [Server thread/INFO] [com.lothrazar.simpletomb.ModTomb/]: simpletomb.message.new_grave(359, 39, 232) minecraft:overworld
[01Jun2025 00:06:22.266] [Server thread/INFO] [net.minecraft.server.MinecraftServer/]: [Not Secure] <Pradolf56> uis
[01Jun2025 00:06:44.071] [Server thread/INFO] [net.minecraft.server.MinecraftServer/]: [Not Secure] <Pradolf56> saben si el tizi se va a meter?
[01Jun2025 00:07:51.589] [Server thread/INFO] [net.minecraft.server.MinecraftServer/]: [Not Secure] <Pradolf56> wtf
[01Jun2025 00:07:58.889] [Server thread/INFO] [net.minecraft.server.MinecraftServer/]: [Not Secure] <Pradolf56> y ese soundtrack epico?
[01Jun2025 00:08:04.666] [Server thread/INFO] [net.minecraft.server.MinecraftServer/]: [Not Secure] <Juandi3531> ahhh
[01Jun2025 00:08:09.974] [Server thread/INFO] [net.minecraft.server.MinecraftServer/]: [Not Secure] <Juandi3531> a mi tambien me h aparecido
[01Jun2025 00:08:20.028] [Server thread/INFO] [net.minecraft.server.MinecraftServer/]: [Not Secure] <Pradolf56> el facu esta peleando por su vida
[01Jun2025 00:08:23.928] [Server thread/INFO] [net.minecraft.server.MinecraftServer/]: [Not Secure] <Juandi3531> me cagué en las patas porque flashé boss
[01Jun2025 00:08:29.260] [Server thread/INFO] [net.minecraft.server.MinecraftServer/]: [Not Secure] <Pradolf56> quien puede disc?
[01Jun2025 00:08:31.663] [Server thread/INFO] [net.minecraft.server.MinecraftServer/]: [Not Secure] <Pradolf56> xddd
[01Jun2025 00:08:44.419] [Server thread/INFO] [net.minecraft.server.MinecraftServer/]: [Not Secure] <Pradolf56> dale facu
[01Jun2025 00:08:46.238] [Server thread/INFO] [net.minecraft.server.MinecraftServer/]: [Not Secure] <Pradolf56> vos podes
[01Jun2025 00:08:53.484] [Server thread/INFO] [net.minecraft.server.MinecraftServer/]: [Not Secure] <BatmanGordo1> PERA
[01Jun2025 00:08:57.712] [Server thread/INFO] [net.minecraft.server.MinecraftServer/]: [Not Secure] <Pradolf56> vos podes
[01Jun2025 00:09:05.562] [Server thread/INFO] [net.minecraft.server.MinecraftServer/]: [Not Secure] <Pradolf56> se paro
[01Jun2025 00:09:25.655] [Server thread/INFO] [net.minecraft.server.MinecraftServer/]: BatmanGordo1 was slain by Deepling Angler
[01Jun2025 00:09:25.657] [Server thread/INFO] [com.lothrazar.simpletomb.ModTomb/]: simpletomb.message.new_grave(351, 47, 185) minecraft:overworld
[01Jun2025 00:09:28.719] [Server thread/INFO] [net.minecraft.server.MinecraftServer/]: [Not Secure] <Pradolf56> uis
[01Jun2025 00:09:31.461] [Server thread/INFO] [net.minecraft.server.MinecraftServer/]: [Not Secure] <Pradolf56> no se pudo
[01Jun2025 00:09:32.961] [Server thread/INFO] [net.minecraft.server.MinecraftServer/]: [Not Secure] <Juandi3531> manco
[01Jun2025 00:09:38.462] [Server thread/INFO] [net.minecraft.server.MinecraftServer/]: [Not Secure] <Pradolf56> juan
[01Jun2025 00:09:44.266] [Server thread/INFO] [net.minecraft.server.MinecraftServer/]: [Not Secure] <Pradolf56> mira lo que te preguto el lemos
[01Jun2025 00:09:51.963] [Server thread/INFO] [net.minecraft.server.MinecraftServer/]: [Not Secure] <Juandi3531> a ve
[01Jun2025 00:12:03.466] [Server thread/INFO] [net.minecraft.server.MinecraftServer/]: BatmanGordo1 was impaled by Deepling
[01Jun2025 00:12:03.478] [Server thread/INFO] [com.lothrazar.simpletomb.ModTomb/]: simpletomb.message.new_grave(504, 63, 198) minecraft:overworld
[01Jun2025 00:12:06.525] [Server thread/INFO] [net.minecraft.server.MinecraftServer/]: [Not Secure] <Juandi3531> respondame uno en el grupo
[01Jun2025 00:12:18.725] [Server thread/INFO] [net.minecraft.server.MinecraftServer/]: [Not Secure] <Pradolf56> una pregunta
[01Jun2025 00:12:26.966] [Server thread/INFO] [net.minecraft.server.MinecraftServer/]: [Not Secure] <Juandi3531> digamnme "santi?"
[01Jun2025 00:12:30.271] [Server thread/INFO] [net.minecraft.server.MinecraftServer/]: [Not Secure] <Pradolf56> quien saqueo un cementerio del ice and fire?
[01Jun2025 00:12:40.729] [Server thread/INFO] [net.minecraft.server.MinecraftServer/]: [Not Secure] <Juandi3531> probablemente yo
[01Jun2025 00:12:46.686] [Server thread/INFO] [net.minecraft.server.MinecraftServer/]: [Not Secure] <Juandi3531> saquié varios
[01Jun2025 00:12:58.683] [Server thread/INFO] [net.minecraft.server.MinecraftServer/]: [Not Secure] <Pradolf56> y de paso esa persona tiro un pico de madera
[01Jun2025 00:16:21.965] [Server thread/INFO] [net.minecraft.server.MinecraftServer/]: [Not Secure] <Pradolf56> quien puede zzz?
[01Jun2025 00:16:28.114] [Server thread/INFO] [net.minecraft.server.network.ServerGamePacketListenerImpl/]: BatmanGordo1 lost connection: Disconnected
[01Jun2025 00:16:28.114] [Server thread/INFO] [net.minecraft.server.MinecraftServer/]: BatmanGordo1 left the game
[01Jun2025 00:16:30.107] [Server thread/INFO] [net.minecraft.server.network.ServerGamePacketListenerImpl/]: Juandi3531 lost connection: Disconnected
[01Jun2025 00:16:30.108] [Server thread/INFO] [net.minecraft.server.MinecraftServer/]: Juandi3531 left the game
[01Jun2025 00:16:39.759] [Server thread/INFO] [net.minecraft.server.players.PlayerList/]: BatmanGordo1[/127.106.135.166:33035] logged in with entity id 36664 at (424.4478305811332, 62.334635170353486, 287.49859491782047)
[01Jun2025 00:16:39.763] [Server thread/INFO] [net.minecraft.server.MinecraftServer/]: BatmanGordo1 joined the game
[01Jun2025 00:16:40.132] [Netty Epoll Server IO #7/INFO] [simplelogin/]: Player batmangordo1 has successfully logged in.
[01Jun2025 00:16:51.417] [Server thread/INFO] [net.minecraft.server.players.PlayerList/]: Juandi3531[/127.230.13.3:35283] logged in with entity id 36954 at (-902.8150115758622, 10.0, 32.30000001192093)
[01Jun2025 00:16:51.420] [Server thread/INFO] [net.minecraft.server.MinecraftServer/]: Juandi3531 joined the game
[01Jun2025 00:16:51.808] [Netty Epoll Server IO #1/INFO] [simplelogin/]: Player juandi3531 has successfully logged in.
[01Jun2025 00:17:00.165] [Server thread/INFO] [net.minecraft.server.MinecraftServer/]: [Not Secure] <Juandi3531> es de dia?
[01Jun2025 00:17:02.283] [Server thread/INFO] [net.minecraft.server.MinecraftServer/]: [Not Secure] <Pradolf56> si
